[ 2025-07-14 13:08:58,374 ] 1025 httpx - INFO - HTTP Request: GET https://dagshub.com/api/v1/user "HTTP/1.1 200 OK"
[ 2025-07-14 13:08:58,379 ] 107 dagshub - INFO - Accessing as DavidIbrahimG
[ 2025-07-14 13:08:58,608 ] 1025 httpx - INFO - HTTP Request: GET https://dagshub.com/api/v1/repos/DavidIbrahimG/NetworkSecurity "HTTP/1.1 200 OK"
[ 2025-07-14 13:08:58,856 ] 1025 httpx - INFO - HTTP Request: GET https://dagshub.com/api/v1/user "HTTP/1.1 200 OK"
[ 2025-07-14 13:08:58,859 ] 107 dagshub - INFO - Initialized MLflow to track repo "DavidIbrahimG/NetworkSecurity"
[ 2025-07-14 13:08:58,859 ] 107 dagshub - INFO - Repository DavidIbrahimG/NetworkSecurity initialized!
[ 2025-07-14 13:08:58,859 ] 22 root - INFO - Initiate the Data Ingestion Process
[ 2025-07-14 13:09:00,256 ] 65 root - INFO - Performed train test split on the dataframe
[ 2025-07-14 13:09:00,256 ] 67 root - INFO - Exited split_data_as_train_test method of Data_Ingestion class
[ 2025-07-14 13:09:00,256 ] 75 root - INFO - Exporting train and test file path.
[ 2025-07-14 13:09:00,280 ] 84 root - INFO - Exported train and test file path.
[ 2025-07-14 13:09:00,280 ] 24 root - INFO - Data Ingestion Completed
[ 2025-07-14 13:09:00,283 ] 30 root - INFO - Initiate Data Validation
[ 2025-07-14 13:09:00,290 ] 32 root - INFO - Required number of columns:2
[ 2025-07-14 13:09:00,290 ] 33 root - INFO - Data frame has columns:31
[ 2025-07-14 13:09:00,290 ] 32 root - INFO - Required number of columns:2
[ 2025-07-14 13:09:00,290 ] 33 root - INFO - Data frame has columns:31
[ 2025-07-14 13:09:00,358 ] 32 root - INFO - Data Validation Completed
[ 2025-07-14 13:09:00,358 ] 38 root - INFO - initialize Data Transformation
[ 2025-07-14 13:09:00,358 ] 63 root - INFO - Entered initiate_data_transformation method of DataTransformation class
[ 2025-07-14 13:09:00,358 ] 65 root - INFO - Starting data transformation
[ 2025-07-14 13:09:00,365 ] 48 root - INFO - Entered get_data_trnasformer_object method of Trnasformation class
[ 2025-07-14 13:09:00,365 ] 53 root - INFO - Initialise KNNImputer with {'missing_values': nan, 'n_neighbors': 3, 'weights': 'uniform'}
[ 2025-07-14 13:09:00,369 ] 46 root - INFO - Entered the save_object method of MainUtils class
[ 2025-07-14 13:09:00,370 ] 50 root - INFO - Exited the save_object method of MainUtils class
[ 2025-07-14 13:09:00,370 ] 46 root - INFO - Entered the save_object method of MainUtils class
[ 2025-07-14 13:09:00,371 ] 50 root - INFO - Exited the save_object method of MainUtils class
[ 2025-07-14 13:09:00,372 ] 40 root - INFO - Data Transformation Completed
[ 2025-07-14 13:09:00,372 ] 44 root - INFO - Model Training started
[ 2025-07-14 13:11:01,509 ] 46 root - INFO - Entered the save_object method of MainUtils class
[ 2025-07-14 13:11:01,510 ] 50 root - INFO - Exited the save_object method of MainUtils class
[ 2025-07-14 13:11:01,510 ] 46 root - INFO - Entered the save_object method of MainUtils class
[ 2025-07-14 13:11:01,541 ] 50 root - INFO - Exited the save_object method of MainUtils class
[ 2025-07-14 13:11:01,542 ] 152 root - INFO - Model trainer artifact: ModelTrainerArtifact(trained_model_file_path='Artifacts/07_14_2025_13_08_57/model_trainer/trained_model/model.pkl', train_metric_artifact=ClassificationMetricArtifact(f1_score=0.9918420787591903, precision_score=0.9879614767255217, recall_score=0.9957532861476238), test_metric_artifact=ClassificationMetricArtifact(f1_score=0.972529725297253, precision_score=0.9665851670741646, recall_score=0.9785478547854786))
[ 2025-07-14 13:11:01,544 ] 49 root - INFO - Model Training artifact created
